TN:
SF:src/adapter/driver/http/http.ts
FN:4,post
FNF:1
FNH:0
FNDA:0,post
DA:1,1
DA:2,1
DA:3,1
DA:4,1
DA:5,0
DA:6,0
DA:7,0
DA:8,1
LF:8
LH:5
BRF:0
BRH:0
end_of_record
TN:
SF:src/adapter/driver/infra/dataSource.ts
FN:11,PgDataSource
FN:27,init
FN:32,getDataSource
FNF:3
FNH:2
FNDA:4,PgDataSource
FNDA:0,init
FNDA:1,getDataSource
DA:1,1
DA:2,1
DA:3,1
DA:4,1
DA:5,1
DA:6,1
DA:7,1
DA:8,1
DA:9,1
DA:10,1
DA:11,1
DA:12,4
DA:13,4
DA:14,4
DA:15,4
DA:16,4
DA:17,4
DA:18,4
DA:19,4
DA:20,4
DA:21,4
DA:22,4
DA:23,4
DA:24,4
DA:25,4
DA:26,1
DA:27,1
DA:28,0
DA:29,0
DA:30,0
DA:31,1
DA:32,1
DA:33,1
DA:34,1
DA:35,1
DA:36,1
DA:37,1
LF:37
LH:34
BRDA:11,0,0,4
BRDA:32,1,0,1
BRF:2
BRH:2
end_of_record
TN:
SF:src/adapter/driver/queue/queue.ts
FN:7,connect
FN:18,sendToQueue
FNF:2
FNH:0
FNDA:0,connect
FNDA:0,sendToQueue
DA:1,1
DA:2,1
DA:3,1
DA:4,1
DA:5,1
DA:6,1
DA:7,1
DA:8,0
DA:9,0
DA:10,0
DA:11,0
DA:12,0
DA:13,0
DA:14,0
DA:15,0
DA:16,0
DA:17,1
DA:18,1
DA:19,0
DA:20,0
DA:21,0
DA:22,1
DA:23,1
DA:24,1
LF:24
LH:12
BRF:0
BRH:0
end_of_record
TN:
SF:src/core/application/useCases/clientUseCases.ts
FN:6,ClientUseCases
FN:8,create
FN:15,identify
FN:20,find
FNF:4
FNH:4
FNDA:3,ClientUseCases
FNDA:1,create
FNDA:1,identify
FNDA:1,find
DA:1,1
DA:2,1
DA:3,1
DA:4,1
DA:5,1
DA:6,1
DA:7,1
DA:8,1
DA:9,1
DA:10,1
DA:11,1
DA:12,1
DA:13,1
DA:14,1
DA:15,1
DA:16,1
DA:17,1
DA:18,1
DA:19,1
DA:20,1
DA:21,1
DA:22,1
DA:23,1
DA:24,1
DA:25,1
LF:25
LH:25
BRDA:6,0,0,3
BRDA:8,1,0,1
BRDA:15,2,0,1
BRDA:20,3,0,1
BRF:4
BRH:4
end_of_record
TN:
SF:src/core/application/useCases/orderUseCases.ts
FN:9,OrderUseCases
FN:16,find
FN:21,checkout
FN:41,setStatus
FN:51,create
FNF:5
FNH:5
FNDA:4,OrderUseCases
FNDA:1,find
FNDA:1,checkout
FNDA:1,setStatus
FNDA:1,create
DA:1,1
DA:2,1
DA:3,1
DA:4,1
DA:5,1
DA:6,1
DA:7,1
DA:8,1
DA:9,1
DA:10,4
DA:11,4
DA:12,4
DA:13,4
DA:14,4
DA:15,1
DA:16,1
DA:17,1
DA:18,1
DA:19,1
DA:20,1
DA:21,1
DA:22,1
DA:23,1
DA:24,1
DA:25,1
DA:26,1
DA:27,1
DA:28,1
DA:29,1
DA:30,1
DA:31,1
DA:32,1
DA:33,1
DA:34,1
DA:35,1
DA:36,1
DA:37,0
DA:38,0
DA:39,0
DA:40,1
DA:41,1
DA:42,1
DA:43,1
DA:44,1
DA:45,1
DA:46,1
DA:47,0
DA:48,0
DA:49,0
DA:50,1
DA:51,1
DA:52,1
DA:53,1
DA:54,1
DA:55,1
DA:56,1
DA:57,1
DA:58,1
DA:59,1
DA:60,1
DA:61,1
LF:61
LH:55
BRDA:9,0,0,4
BRDA:16,1,0,1
BRDA:21,2,0,1
BRDA:37,3,0,0
BRDA:41,4,0,1
BRDA:47,5,0,0
BRDA:51,6,0,1
BRF:7
BRH:5
end_of_record
TN:
SF:src/core/application/useCases/paymentUseCases.ts
FN:8,PaymentUseCases
FN:14,getStatus
FN:23,setStatus
FN:33,pay
FN:48,create
FN:55,find
FNF:6
FNH:6
FNDA:5,PaymentUseCases
FNDA:1,getStatus
FNDA:1,setStatus
FNDA:1,pay
FNDA:1,create
FNDA:1,find
DA:1,1
DA:2,1
DA:3,1
DA:4,1
DA:5,1
DA:6,1
DA:7,1
DA:8,1
DA:9,5
DA:10,5
DA:11,5
DA:12,5
DA:13,1
DA:14,1
DA:15,1
DA:16,1
DA:17,1
DA:18,1
DA:19,0
DA:20,0
DA:21,0
DA:22,1
DA:23,1
DA:24,1
DA:25,1
DA:26,1
DA:27,1
DA:28,1
DA:29,0
DA:30,0
DA:31,0
DA:32,1
DA:33,1
DA:34,1
DA:35,1
DA:36,1
DA:37,1
DA:38,1
DA:39,1
DA:40,1
DA:41,1
DA:42,1
DA:43,1
DA:44,0
DA:45,0
DA:46,1
DA:47,1
DA:48,1
DA:49,1
DA:50,1
DA:51,1
DA:52,1
DA:53,1
DA:54,1
DA:55,1
DA:56,1
DA:57,1
DA:58,1
DA:59,1
DA:60,1
LF:60
LH:52
BRDA:8,0,0,5
BRDA:14,1,0,1
BRDA:19,2,0,0
BRDA:23,3,0,1
BRDA:29,4,0,0
BRDA:33,5,0,1
BRDA:43,6,0,0
BRDA:48,7,0,1
BRDA:55,8,0,1
BRF:9
BRH:6
end_of_record
TN:
SF:src/core/application/useCases/productUseCases.ts
FN:6,ProductUseCases
FN:8,create
FN:15,update
FN:25,delete
FN:35,findByCategory
FN:40,find
FNF:6
FNH:6
FNDA:5,ProductUseCases
FNDA:1,create
FNDA:1,update
FNDA:1,delete
FNDA:1,findByCategory
FNDA:1,find
DA:1,1
DA:2,1
DA:3,1
DA:4,1
DA:5,1
DA:6,1
DA:7,1
DA:8,1
DA:9,1
DA:10,1
DA:11,1
DA:12,1
DA:13,1
DA:14,1
DA:15,1
DA:16,1
DA:17,1
DA:18,1
DA:19,1
DA:20,1
DA:21,0
DA:22,0
DA:23,0
DA:24,1
DA:25,1
DA:26,1
DA:27,1
DA:28,1
DA:29,1
DA:30,1
DA:31,0
DA:32,0
DA:33,0
DA:34,1
DA:35,1
DA:36,1
DA:37,1
DA:38,1
DA:39,1
DA:40,1
DA:41,1
DA:42,1
DA:43,1
DA:44,1
DA:45,1
LF:45
LH:39
BRDA:6,0,0,5
BRDA:8,1,0,1
BRDA:15,2,0,1
BRDA:21,3,0,0
BRDA:25,4,0,1
BRDA:31,5,0,0
BRDA:35,6,0,1
BRDA:40,7,0,1
BRF:8
BRH:6
end_of_record
TN:
SF:src/core/domain/entities/client.ts
FN:21,Client
FN:18,Object.<anonymous>.__decorate.cascade
FN:18,Object.<anonymous>.__decorate.cascade
FNF:3
FNH:1
FNDA:1,Client
FNDA:0,Object.<anonymous>.__decorate.cascade
FNDA:0,Object.<anonymous>.__decorate.cascade
DA:1,1
DA:2,1
DA:3,1
DA:4,1
DA:5,1
DA:6,1
DA:7,1
DA:8,1
DA:9,1
DA:10,1
DA:11,1
DA:12,1
DA:13,1
DA:14,1
DA:15,1
DA:16,1
DA:17,1
DA:18,1
DA:19,1
DA:20,1
DA:21,1
DA:22,1
DA:23,1
DA:24,1
DA:25,1
DA:26,1
LF:26
LH:26
BRDA:21,0,0,1
BRF:1
BRH:1
end_of_record
TN:
SF:src/core/domain/entities/order.ts
FN:26,Order
FN:22,Object.<anonymous>.__decorate.cascade
FN:22,Object.<anonymous>.__decorate.cascade
FNF:3
FNH:0
FNDA:0,Order
FNDA:0,Object.<anonymous>.__decorate.cascade
FNDA:0,Object.<anonymous>.__decorate.cascade
DA:1,1
DA:2,1
DA:3,1
DA:4,1
DA:5,1
DA:6,1
DA:7,1
DA:8,1
DA:9,1
DA:10,1
DA:11,1
DA:12,1
DA:13,1
DA:14,1
DA:15,1
DA:16,1
DA:17,1
DA:18,1
DA:19,1
DA:20,1
DA:21,1
DA:22,1
DA:23,1
DA:24,1
DA:25,1
DA:26,1
DA:27,0
DA:28,0
DA:29,0
DA:30,0
DA:31,0
DA:32,1
LF:32
LH:27
BRF:0
BRH:0
end_of_record
TN:
SF:src/core/domain/entities/payment.ts
FN:19,Payment
FN:15,Object.<anonymous>.__decorate.cascade
FNF:2
FNH:0
FNDA:0,Payment
FNDA:0,Object.<anonymous>.__decorate.cascade
DA:1,1
DA:2,1
DA:3,1
DA:4,1
DA:5,1
DA:6,1
DA:7,1
DA:8,1
DA:9,1
DA:10,1
DA:11,1
DA:12,1
DA:13,1
DA:14,1
DA:15,1
DA:16,1
DA:17,1
DA:18,1
DA:19,1
DA:20,0
DA:21,0
DA:22,0
DA:23,0
DA:24,1
LF:24
LH:20
BRF:0
BRH:0
end_of_record
TN:
SF:src/core/domain/entities/product.ts
FN:24,Product
FNF:1
FNH:1
FNDA:1,Product
DA:1,1
DA:2,1
DA:3,1
DA:4,1
DA:5,1
DA:6,1
DA:7,1
DA:8,1
DA:9,1
DA:10,1
DA:11,1
DA:12,1
DA:13,1
DA:14,1
DA:15,1
DA:16,1
DA:17,1
DA:18,1
DA:19,1
DA:20,1
DA:21,1
DA:22,1
DA:23,1
DA:24,1
DA:25,1
DA:26,1
DA:27,1
DA:28,1
DA:29,1
DA:30,1
LF:30
LH:30
BRDA:24,0,0,1
BRF:1
BRH:1
end_of_record
